2024-08-16 12:52:34,066 [Worker-0: Loading available Gradle versions] INFO  o.e.b.c.i.u.g.PublishedGradleVersions - Gradle version information cache is up-to-date. Trying to read.
2024-08-16 12:55:34,324 [Worker-14: Importing Maven projects] INFO  o.e.m.c.i.l.LifecycleMappingFactory - Using org.eclipse.m2e.jdt.JarLifecycleMapping lifecycle mapping for MavenProject: com.code.api:bookstoreapi:0.0.1-SNAPSHOT @ D:\MCKVJAVA\Week4\exercise6\bookstoreapi\bookstoreapi\pom.xml.
2024-08-16 12:55:36,656 [Worker-14: Importing Maven projects] INFO  o.e.m.j.i.AbstractJavaProjectConfigurator - Adding source folder /bookstoreapi/src/main/java
2024-08-16 12:55:36,660 [Worker-14: Importing Maven projects] INFO  o.e.m.j.i.AbstractJavaProjectConfigurator - Adding resource folder /bookstoreapi/src/main/resources
2024-08-16 12:55:36,665 [Worker-14: Importing Maven projects] INFO  o.e.m.j.i.AbstractJavaProjectConfigurator - Adding resource folder /bookstoreapi/src/main/resources
2024-08-16 12:55:36,669 [Worker-14: Importing Maven projects] INFO  o.e.m.j.i.AbstractJavaProjectConfigurator - Adding source folder /bookstoreapi/src/test/java
2024-08-16 12:55:36,672 [Worker-14: Importing Maven projects] INFO  o.e.m.j.i.AbstractJavaProjectConfigurator - Adding resource folder /bookstoreapi/src/test/resources
2024-08-16 12:55:40,620 [Worker-31: Building] INFO  o.a.m.s.f.DefaultMavenResourcesFiltering - Copying 1 resource from src\main\resources to target\classes
2024-08-16 12:55:40,685 [Worker-31: Building] INFO  o.a.m.s.f.DefaultMavenResourcesFiltering - Copying 0 resource from src\main\resources to target\classes
2024-08-16 12:55:40,700 [Worker-31: Building] INFO  o.a.m.s.f.DefaultMavenResourcesFiltering - skip non existing resourceDirectory D:\MCKVJAVA\Week4\exercise6\bookstoreapi\bookstoreapi\src\test\resources
2024-08-16 12:57:33,855 [Worker-31: Building] INFO  o.a.m.s.f.DefaultMavenResourcesFiltering - Copying 1 resource from src\main\resources to target\classes
2024-08-16 12:57:33,869 [Worker-31: Building] INFO  o.a.m.s.f.DefaultMavenResourcesFiltering - Copying 0 resource from src\main\resources to target\classes
2024-08-16 12:57:33,876 [Worker-31: Building] INFO  o.a.m.s.f.DefaultMavenResourcesFiltering - skip non existing resourceDirectory D:\MCKVJAVA\Week4\exercise6\bookstoreapi\bookstoreapi\src\test\resources
2024-08-16 12:58:23,105 [Worker-29: Building] INFO  o.a.m.s.f.DefaultMavenResourcesFiltering - Copying 1 resource from src\main\resources to target\classes
2024-08-16 12:58:23,119 [Worker-29: Building] INFO  o.a.m.s.f.DefaultMavenResourcesFiltering - Copying 0 resource from src\main\resources to target\classes
2024-08-16 12:58:23,132 [Worker-29: Building] INFO  o.a.m.s.f.DefaultMavenResourcesFiltering - skip non existing resourceDirectory D:\MCKVJAVA\Week4\exercise6\bookstoreapi\bookstoreapi\src\test\resources
2024-08-16 13:28:05,121 [Worker-41: Building] INFO  o.a.m.s.f.DefaultMavenResourcesFiltering - Copying 1 resource from src\main\resources to target\classes
2024-08-16 13:28:05,136 [Worker-41: Building] INFO  o.a.m.s.f.DefaultMavenResourcesFiltering - Copying 0 resource from src\main\resources to target\classes
2024-08-16 13:28:05,144 [Worker-41: Building] INFO  o.a.m.s.f.DefaultMavenResourcesFiltering - skip non existing resourceDirectory D:\MCKVJAVA\Week4\exercise6\bookstoreapi\bookstoreapi\src\test\resources
2024-08-16 13:29:10,923 [Worker-44: Building] INFO  o.a.m.s.f.DefaultMavenResourcesFiltering - Copying 1 resource from src\main\resources to target\classes
2024-08-16 13:29:10,934 [Worker-44: Building] INFO  o.a.m.s.f.DefaultMavenResourcesFiltering - Copying 0 resource from src\main\resources to target\classes
2024-08-16 13:29:10,940 [Worker-44: Building] INFO  o.a.m.s.f.DefaultMavenResourcesFiltering - skip non existing resourceDirectory D:\MCKVJAVA\Week4\exercise6\bookstoreapi\bookstoreapi\src\test\resources
2024-08-16 13:30:00,186 [Worker-45: Building] INFO  o.a.m.s.f.DefaultMavenResourcesFiltering - Copying 1 resource from src\main\resources to target\classes
2024-08-16 13:30:00,200 [Worker-45: Building] INFO  o.a.m.s.f.DefaultMavenResourcesFiltering - Copying 0 resource from src\main\resources to target\classes
2024-08-16 13:30:00,205 [Worker-45: Building] INFO  o.a.m.s.f.DefaultMavenResourcesFiltering - skip non existing resourceDirectory D:\MCKVJAVA\Week4\exercise6\bookstoreapi\bookstoreapi\src\test\resources
2024-08-16 13:33:20,509 [Worker-49: Building] INFO  o.e.m.c.i.l.LifecycleMappingFactory - Using org.eclipse.m2e.jdt.JarLifecycleMapping lifecycle mapping for MavenProject: com.code.api:bookstoreapi:0.0.1-SNAPSHOT @ D:\MCKVJAVA\Week4\exercise6\bookstoreapi\bookstoreapi\pom.xml.
2024-08-16 13:33:22,537 [Worker-49: Building] INFO  o.a.m.s.f.DefaultMavenResourcesFiltering - Copying 1 resource from src\main\resources to target\classes
2024-08-16 13:33:22,559 [Worker-49: Building] INFO  o.a.m.s.f.DefaultMavenResourcesFiltering - Copying 0 resource from src\main\resources to target\classes
2024-08-16 13:33:22,567 [Worker-49: Building] INFO  o.a.m.s.f.DefaultMavenResourcesFiltering - skip non existing resourceDirectory D:\MCKVJAVA\Week4\exercise6\bookstoreapi\bookstoreapi\src\test\resources
2024-08-16 13:33:22,886 [Worker-49: Updating Maven Project] INFO  o.e.m.c.i.p.ProjectConfigurationManager - Update started
2024-08-16 13:33:23,951 [Worker-49: Updating Maven Project] INFO  o.e.m.c.i.l.LifecycleMappingFactory - Using org.eclipse.m2e.jdt.JarLifecycleMapping lifecycle mapping for MavenProject: com.code.api:bookstoreapi:0.0.1-SNAPSHOT @ D:\MCKVJAVA\Week4\exercise6\bookstoreapi\bookstoreapi\pom.xml.
2024-08-16 13:33:24,874 [Worker-49: Updating Maven Project] INFO  o.e.m.j.i.AbstractJavaProjectConfigurator - Adding source folder /bookstoreapi/src/main/java
2024-08-16 13:33:24,875 [Worker-49: Updating Maven Project] INFO  o.e.m.j.i.AbstractJavaProjectConfigurator - Adding resource folder /bookstoreapi/src/main/resources
2024-08-16 13:33:24,876 [Worker-49: Updating Maven Project] INFO  o.e.m.j.i.AbstractJavaProjectConfigurator - Adding resource folder /bookstoreapi/src/main/resources
2024-08-16 13:33:24,877 [Worker-49: Updating Maven Project] INFO  o.e.m.j.i.AbstractJavaProjectConfigurator - Adding source folder /bookstoreapi/src/test/java
2024-08-16 13:33:24,878 [Worker-49: Updating Maven Project] INFO  o.e.m.j.i.AbstractJavaProjectConfigurator - Adding resource folder /bookstoreapi/src/test/resources
2024-08-16 13:33:26,007 [Worker-43: Building] INFO  o.a.m.s.f.DefaultMavenResourcesFiltering - Copying 1 resource from src\main\resources to target\classes
2024-08-16 13:33:26,042 [Worker-43: Building] INFO  o.a.m.s.f.DefaultMavenResourcesFiltering - Copying 0 resource from src\main\resources to target\classes
2024-08-16 13:33:26,049 [Worker-43: Building] INFO  o.a.m.s.f.DefaultMavenResourcesFiltering - skip non existing resourceDirectory D:\MCKVJAVA\Week4\exercise6\bookstoreapi\bookstoreapi\src\test\resources
2024-08-16 13:34:30,668 [Worker-51: Building] INFO  o.a.m.s.f.DefaultMavenResourcesFiltering - Copying 1 resource from src\main\resources to target\classes
2024-08-16 13:34:30,687 [Worker-51: Building] INFO  o.a.m.s.f.DefaultMavenResourcesFiltering - Copying 0 resource from src\main\resources to target\classes
2024-08-16 13:34:30,697 [Worker-51: Building] INFO  o.a.m.s.f.DefaultMavenResourcesFiltering - skip non existing resourceDirectory D:\MCKVJAVA\Week4\exercise6\bookstoreapi\bookstoreapi\src\test\resources
2024-08-16 13:35:19,182 [Worker-45: Building] INFO  o.a.m.s.f.DefaultMavenResourcesFiltering - Copying 1 resource from src\main\resources to target\classes
2024-08-16 13:35:19,191 [Worker-45: Building] INFO  o.a.m.s.f.DefaultMavenResourcesFiltering - Copying 0 resource from src\main\resources to target\classes
2024-08-16 13:35:19,195 [Worker-45: Building] INFO  o.a.m.s.f.DefaultMavenResourcesFiltering - skip non existing resourceDirectory D:\MCKVJAVA\Week4\exercise6\bookstoreapi\bookstoreapi\src\test\resources
2024-08-16 13:47:52,002 [Worker-60: Building] INFO  o.a.m.s.f.DefaultMavenResourcesFiltering - Copying 1 resource from src\main\resources to target\classes
2024-08-16 13:47:52,015 [Worker-60: Building] INFO  o.a.m.s.f.DefaultMavenResourcesFiltering - Copying 0 resource from src\main\resources to target\classes
2024-08-16 13:47:52,019 [Worker-60: Building] INFO  o.a.m.s.f.DefaultMavenResourcesFiltering - skip non existing resourceDirectory D:\MCKVJAVA\Week4\exercise6\bookstoreapi\bookstoreapi\src\test\resources
2024-08-16 13:57:16,359 [Worker-63: Building] INFO  o.a.m.s.f.DefaultMavenResourcesFiltering - Copying 1 resource from src\main\resources to target\classes
2024-08-16 13:57:16,373 [Worker-63: Building] INFO  o.a.m.s.f.DefaultMavenResourcesFiltering - Copying 0 resource from src\main\resources to target\classes
2024-08-16 13:57:16,379 [Worker-63: Building] INFO  o.a.m.s.f.DefaultMavenResourcesFiltering - skip non existing resourceDirectory D:\MCKVJAVA\Week4\exercise6\bookstoreapi\bookstoreapi\src\test\resources
2024-08-20 12:10:53,168 [Worker-6: Loading available Gradle versions] INFO  o.e.b.c.i.u.g.PublishedGradleVersions - Gradle version information cache is up-to-date. Trying to read.
2024-08-20 12:11:21,254 [Worker-5: Importing Maven projects] INFO  o.e.m.c.i.e.AbstractTransferListenerAdapter - Downloaded https://repo.maven.apache.org/maven2/org/springframework/boot/spring-boot-starter-validation/3.3.2/spring-boot-starter-validation-3.3.2.pom
2024-08-20 12:11:21,589 [Worker-5: Importing Maven projects] INFO  o.e.m.c.i.l.LifecycleMappingFactory - Using org.eclipse.m2e.jdt.JarLifecycleMapping lifecycle mapping for MavenProject: com.code.api:bookstoreapi:0.0.1-SNAPSHOT @ D:\New folder (14)\exercise6\bookstoreapi\bookstoreapi\pom.xml.
2024-08-20 12:11:21,669 [Worker-5: Importing Maven projects] INFO  o.e.m.c.i.e.AbstractTransferListenerAdapter - Downloaded https://repo.maven.apache.org/maven2/org/springframework/boot/spring-boot-starter-validation/3.3.2/spring-boot-starter-validation-3.3.2.jar
2024-08-20 12:11:22,042 [Worker-5: Importing Maven projects] INFO  o.e.m.j.i.AbstractJavaProjectConfigurator - Adding source folder /bookstoreapi/src/main/java
2024-08-20 12:11:22,044 [Worker-5: Importing Maven projects] INFO  o.e.m.j.i.AbstractJavaProjectConfigurator - Adding resource folder /bookstoreapi/src/main/resources
2024-08-20 12:11:22,045 [Worker-5: Importing Maven projects] INFO  o.e.m.j.i.AbstractJavaProjectConfigurator - Adding resource folder /bookstoreapi/src/main/resources
2024-08-20 12:11:22,046 [Worker-5: Importing Maven projects] INFO  o.e.m.j.i.AbstractJavaProjectConfigurator - Adding source folder /bookstoreapi/src/test/java
2024-08-20 12:11:22,047 [Worker-5: Importing Maven projects] INFO  o.e.m.j.i.AbstractJavaProjectConfigurator - Adding resource folder /bookstoreapi/src/test/resources
2024-08-20 12:11:22,322 [Worker-5: Importing Maven projects] INFO  o.e.m.c.i.p.ProjectConfigurationManager - Imported and configured 1 project(s) in 14 sec
2024-08-20 12:11:22,770 [Worker-8: Building] INFO  o.a.m.s.f.DefaultMavenResourcesFiltering - Copying 1 resource from src\main\resources to target\classes
2024-08-20 12:11:22,779 [Worker-8: Building] INFO  o.a.m.s.f.DefaultMavenResourcesFiltering - Copying 0 resource from src\main\resources to target\classes
2024-08-20 12:11:22,783 [Worker-8: Building] INFO  o.a.m.s.f.DefaultMavenResourcesFiltering - skip non existing resourceDirectory D:\New folder (14)\exercise6\bookstoreapi\bookstoreapi\src\test\resources
2024-08-20 12:11:22,837 [Worker-3: Download sources and javadoc] INFO  o.e.m.c.i.e.AbstractTransferListenerAdapter - Downloaded https://repo.maven.apache.org/maven2/org/springframework/boot/spring-boot-starter-validation/3.3.2/spring-boot-starter-validation-3.3.2-sources.jar
2024-08-20 12:11:22,840 [Worker-3: Download sources and javadoc] ERROR o.e.m.j.internal.DownloadSourcesJob - Could not download sources for org.springframework.boot:spring-boot-starter-validation:3.3.2
org.eclipse.core.runtime.CoreException: Could not resolve artifact org.springframework.boot:spring-boot-starter-validation:jar:sources:3.3.2
	at org.eclipse.m2e.core.internal.embedder.MavenImpl.lambda$7(MavenImpl.java:540)
	at org.eclipse.m2e.core.internal.embedder.MavenExecutionContext.executeBare(MavenExecutionContext.java:458)
	at org.eclipse.m2e.core.internal.embedder.MavenExecutionContext.execute(MavenExecutionContext.java:292)
	at org.eclipse.m2e.core.internal.embedder.MavenExecutionContext.execute(MavenExecutionContext.java:278)
	at org.eclipse.m2e.core.internal.embedder.MavenImpl.resolve(MavenImpl.java:509)
	at org.eclipse.m2e.core.internal.embedder.MavenImpl.resolve(MavenImpl.java:494)
	at org.eclipse.m2e.jdt.internal.DownloadSourcesJob.download(DownloadSourcesJob.java:308)
	at org.eclipse.m2e.jdt.internal.DownloadSourcesJob.downloadAttachments(DownloadSourcesJob.java:282)
	at org.eclipse.m2e.jdt.internal.DownloadSourcesJob.downloadMaven(DownloadSourcesJob.java:252)
	at org.eclipse.m2e.jdt.internal.DownloadSourcesJob.downloadFilesAndPopulateToUpdate(DownloadSourcesJob.java:220)
	at org.eclipse.m2e.jdt.internal.DownloadSourcesJob.lambda$0(DownloadSourcesJob.java:149)
	at org.eclipse.m2e.core.internal.embedder.MavenExecutionContext.executeBare(MavenExecutionContext.java:458)
	at org.eclipse.m2e.core.internal.embedder.MavenExecutionContext.execute(MavenExecutionContext.java:339)
	at org.eclipse.m2e.core.internal.embedder.MavenExecutionContext.execute(MavenExecutionContext.java:278)
	at org.eclipse.m2e.core.embedder.IMaven.execute(IMaven.java:300)
	at org.eclipse.m2e.jdt.internal.DownloadSourcesJob.run(DownloadSourcesJob.java:149)
	at org.eclipse.core.internal.jobs.Worker.run(Worker.java:63)
2024-08-20 12:12:02,963 [Worker-9: Download sources and javadoc] INFO  o.e.m.c.i.e.AbstractTransferListenerAdapter - Downloading https://repo.maven.apache.org/maven2/org/springframework/boot/spring-boot-starter-validation/3.3.2/spring-boot-starter-validation-3.3.2-javadoc.jar
2024-08-20 12:12:02,977 [Worker-9: Download sources and javadoc] INFO  o.e.m.c.i.e.AbstractTransferListenerAdapter - Downloaded https://repo.maven.apache.org/maven2/org/springframework/boot/spring-boot-starter-validation/3.3.2/spring-boot-starter-validation-3.3.2-javadoc.jar
2024-08-20 12:12:02,979 [Worker-9: Download sources and javadoc] INFO  o.e.m.j.internal.DownloadSourcesJob - Downloaded javadoc for org.springframework.boot:spring-boot-starter-validation:3.3.2
2024-08-20 12:14:02,009 [Worker-17: Building] INFO  o.a.m.s.f.DefaultMavenResourcesFiltering - Copying 1 resource from src\main\resources to target\classes
2024-08-20 12:14:02,027 [Worker-17: Building] INFO  o.a.m.s.f.DefaultMavenResourcesFiltering - Copying 0 resource from src\main\resources to target\classes
2024-08-20 12:14:02,033 [Worker-17: Building] INFO  o.a.m.s.f.DefaultMavenResourcesFiltering - skip non existing resourceDirectory D:\New folder (14)\exercise6\bookstoreapi\bookstoreapi\src\test\resources
2024-08-20 12:16:10,724 [Worker-20: Updating Maven Dependencies] ERROR o.e.m.j.i.l.MavenLaunchConfigurationListener - Launch configuration BookstoreApiApplication references non-existing project bookstoreapi.
org.eclipse.core.runtime.CoreException: Launch configuration BookstoreApiApplication references non-existing project bookstoreapi.
	at org.eclipse.jdt.launching.JavaRuntime.abort(JavaRuntime.java:1867)
	at org.eclipse.jdt.launching.JavaRuntime.getJavaProject(JavaRuntime.java:1744)
	at org.eclipse.m2e.jdt.internal.launch.MavenLaunchConfigurationListener.updateLaunchConfiguration(MavenLaunchConfigurationListener.java:64)
	at org.eclipse.m2e.jdt.internal.launch.MavenLaunchConfigurationListener.launchConfigurationChanged(MavenLaunchConfigurationListener.java:50)
	at org.eclipse.debug.internal.core.LaunchManager$ConfigurationNotifier.run(LaunchManager.java:220)
	at org.eclipse.core.runtime.SafeRunner.run(SafeRunner.java:47)
	at org.eclipse.debug.internal.core.LaunchManager$ConfigurationNotifier.notify(LaunchManager.java:204)
	at org.eclipse.debug.internal.core.LaunchConfigurationWorkingCopy.setDirty(LaunchConfigurationWorkingCopy.java:527)
	at org.eclipse.debug.internal.core.LaunchConfigurationWorkingCopy.setAttribute(LaunchConfigurationWorkingCopy.java:415)
	at org.eclipse.m2e.jdt.internal.launch.MavenRuntimeClasspathProvider.disable(MavenRuntimeClasspathProvider.java:409)
	at org.eclipse.m2e.jdt.internal.launch.MavenRuntimeClasspathProvider.disable(MavenRuntimeClasspathProvider.java:435)
	at org.eclipse.m2e.jdt.internal.launch.MavenLaunchConfigurationListener.mavenProjectChanged(MavenLaunchConfigurationListener.java:135)
	at org.eclipse.m2e.core.internal.project.registry.ProjectRegistryManager.notifyProjectChangeListeners(ProjectRegistryManager.java:892)
	at org.eclipse.m2e.core.internal.project.registry.ProjectRegistryManager.applyMutableProjectRegistry(ProjectRegistryManager.java:1042)
	at org.eclipse.m2e.core.internal.project.registry.ProjectRegistryRefreshJob.lambda$0(ProjectRegistryRefreshJob.java:162)
	at org.eclipse.m2e.core.internal.embedder.MavenExecutionContext.executeBare(MavenExecutionContext.java:458)
	at org.eclipse.m2e.core.internal.embedder.MavenExecutionContext.execute(MavenExecutionContext.java:339)
	at org.eclipse.m2e.core.internal.embedder.MavenExecutionContext.execute(MavenExecutionContext.java:278)
	at org.eclipse.m2e.core.internal.project.registry.ProjectRegistryRefreshJob.run(ProjectRegistryRefreshJob.java:106)
	at org.eclipse.core.internal.jobs.Worker.run(Worker.java:63)
2024-08-20 12:16:10,725 [Worker-20: Updating Maven Dependencies] ERROR o.e.m.j.i.l.MavenLaunchConfigurationListener - Launch configuration BookstoreApiApplication references non-existing project bookstoreapi.
org.eclipse.core.runtime.CoreException: Launch configuration BookstoreApiApplication references non-existing project bookstoreapi.
	at org.eclipse.jdt.launching.JavaRuntime.abort(JavaRuntime.java:1867)
	at org.eclipse.jdt.launching.JavaRuntime.getJavaProject(JavaRuntime.java:1744)
	at org.eclipse.m2e.jdt.internal.launch.MavenLaunchConfigurationListener.updateLaunchConfiguration(MavenLaunchConfigurationListener.java:64)
	at org.eclipse.m2e.jdt.internal.launch.MavenLaunchConfigurationListener.launchConfigurationChanged(MavenLaunchConfigurationListener.java:50)
	at org.eclipse.debug.internal.core.LaunchManager$ConfigurationNotifier.run(LaunchManager.java:220)
	at org.eclipse.core.runtime.SafeRunner.run(SafeRunner.java:47)
	at org.eclipse.debug.internal.core.LaunchManager$ConfigurationNotifier.notify(LaunchManager.java:204)
	at org.eclipse.debug.internal.core.LaunchConfigurationWorkingCopy.setDirty(LaunchConfigurationWorkingCopy.java:527)
	at org.eclipse.debug.internal.core.LaunchConfigurationWorkingCopy.setAttribute(LaunchConfigurationWorkingCopy.java:415)
	at org.eclipse.m2e.jdt.internal.launch.MavenRuntimeClasspathProvider.disable(MavenRuntimeClasspathProvider.java:410)
	at org.eclipse.m2e.jdt.internal.launch.MavenRuntimeClasspathProvider.disable(MavenRuntimeClasspathProvider.java:435)
	at org.eclipse.m2e.jdt.internal.launch.MavenLaunchConfigurationListener.mavenProjectChanged(MavenLaunchConfigurationListener.java:135)
	at org.eclipse.m2e.core.internal.project.registry.ProjectRegistryManager.notifyProjectChangeListeners(ProjectRegistryManager.java:892)
	at org.eclipse.m2e.core.internal.project.registry.ProjectRegistryManager.applyMutableProjectRegistry(ProjectRegistryManager.java:1042)
	at org.eclipse.m2e.core.internal.project.registry.ProjectRegistryRefreshJob.lambda$0(ProjectRegistryRefreshJob.java:162)
	at org.eclipse.m2e.core.internal.embedder.MavenExecutionContext.executeBare(MavenExecutionContext.java:458)
	at org.eclipse.m2e.core.internal.embedder.MavenExecutionContext.execute(MavenExecutionContext.java:339)
	at org.eclipse.m2e.core.internal.embedder.MavenExecutionContext.execute(MavenExecutionContext.java:278)
	at org.eclipse.m2e.core.internal.project.registry.ProjectRegistryRefreshJob.run(ProjectRegistryRefreshJob.java:106)
	at org.eclipse.core.internal.jobs.Worker.run(Worker.java:63)
2024-08-20 12:16:10,727 [Worker-20: Updating Maven Dependencies] ERROR o.e.m.j.i.l.MavenLaunchConfigurationListener - Launch configuration BookstoreApiApplication references non-existing project bookstoreapi.
org.eclipse.core.runtime.CoreException: Launch configuration BookstoreApiApplication references non-existing project bookstoreapi.
	at org.eclipse.jdt.launching.JavaRuntime.abort(JavaRuntime.java:1867)
	at org.eclipse.jdt.launching.JavaRuntime.getJavaProject(JavaRuntime.java:1744)
	at org.eclipse.m2e.jdt.internal.launch.MavenLaunchConfigurationListener.updateLaunchConfiguration(MavenLaunchConfigurationListener.java:64)
	at org.eclipse.m2e.jdt.internal.launch.MavenLaunchConfigurationListener.launchConfigurationChanged(MavenLaunchConfigurationListener.java:50)
	at org.eclipse.debug.internal.core.LaunchManager$ConfigurationNotifier.run(LaunchManager.java:220)
	at org.eclipse.core.runtime.SafeRunner.run(SafeRunner.java:47)
	at org.eclipse.debug.internal.core.LaunchManager$ConfigurationNotifier.notify(LaunchManager.java:204)
	at org.eclipse.debug.internal.core.LaunchManager.launchConfigurationChanged(LaunchManager.java:2010)
	at org.eclipse.debug.internal.core.LaunchConfigurationWorkingCopy.writeNewFile(LaunchConfigurationWorkingCopy.java:380)
	at org.eclipse.debug.internal.core.LaunchConfigurationWorkingCopy.doSave0(LaunchConfigurationWorkingCopy.java:259)
	at org.eclipse.debug.internal.core.LaunchConfigurationWorkingCopy.doSave(LaunchConfigurationWorkingCopy.java:229)
	at org.eclipse.debug.internal.core.LaunchConfigurationWorkingCopy.doSave(LaunchConfigurationWorkingCopy.java:187)
	at org.eclipse.m2e.jdt.internal.launch.MavenRuntimeClasspathProvider.disable(MavenRuntimeClasspathProvider.java:411)
	at org.eclipse.m2e.jdt.internal.launch.MavenRuntimeClasspathProvider.disable(MavenRuntimeClasspathProvider.java:435)
	at org.eclipse.m2e.jdt.internal.launch.MavenLaunchConfigurationListener.mavenProjectChanged(MavenLaunchConfigurationListener.java:135)
	at org.eclipse.m2e.core.internal.project.registry.ProjectRegistryManager.notifyProjectChangeListeners(ProjectRegistryManager.java:892)
	at org.eclipse.m2e.core.internal.project.registry.ProjectRegistryManager.applyMutableProjectRegistry(ProjectRegistryManager.java:1042)
	at org.eclipse.m2e.core.internal.project.registry.ProjectRegistryRefreshJob.lambda$0(ProjectRegistryRefreshJob.java:162)
	at org.eclipse.m2e.core.internal.embedder.MavenExecutionContext.executeBare(MavenExecutionContext.java:458)
	at org.eclipse.m2e.core.internal.embedder.MavenExecutionContext.execute(MavenExecutionContext.java:339)
	at org.eclipse.m2e.core.internal.embedder.MavenExecutionContext.execute(MavenExecutionContext.java:278)
	at org.eclipse.m2e.core.internal.project.registry.ProjectRegistryRefreshJob.run(ProjectRegistryRefreshJob.java:106)
	at org.eclipse.core.internal.jobs.Worker.run(Worker.java:63)
2024-08-20 12:16:18,175 [Worker-21: Importing Maven projects] INFO  o.e.m.c.i.l.LifecycleMappingFactory - Using org.eclipse.m2e.jdt.JarLifecycleMapping lifecycle mapping for MavenProject: com.code.api:bookstoreapi:0.0.1-SNAPSHOT @ D:\New folder (14)\exercise6\bookstoreapi\bookstoreapi\pom.xml.
2024-08-20 12:16:18,972 [Worker-21: Importing Maven projects] INFO  o.e.m.j.i.AbstractJavaProjectConfigurator - Adding source folder /bookstoreapi/src/main/java
2024-08-20 12:16:18,972 [Worker-21: Importing Maven projects] INFO  o.e.m.j.i.AbstractJavaProjectConfigurator - Adding resource folder /bookstoreapi/src/main/resources
2024-08-20 12:16:18,973 [Worker-21: Importing Maven projects] INFO  o.e.m.j.i.AbstractJavaProjectConfigurator - Adding resource folder /bookstoreapi/src/main/resources
2024-08-20 12:16:18,973 [Worker-21: Importing Maven projects] INFO  o.e.m.j.i.AbstractJavaProjectConfigurator - Adding source folder /bookstoreapi/src/test/java
2024-08-20 12:16:18,973 [Worker-21: Importing Maven projects] INFO  o.e.m.j.i.AbstractJavaProjectConfigurator - Adding resource folder /bookstoreapi/src/test/resources
2024-08-20 12:16:19,131 [Worker-21: Importing Maven projects] INFO  o.e.m.c.i.p.ProjectConfigurationManager - Imported and configured 1 project(s) in 1 sec
2024-08-20 12:16:19,498 [Worker-23: Building] INFO  o.a.m.s.f.DefaultMavenResourcesFiltering - Copying 1 resource from src\main\resources to target\classes
2024-08-20 12:16:19,513 [Worker-23: Building] INFO  o.a.m.s.f.DefaultMavenResourcesFiltering - Copying 0 resource from src\main\resources to target\classes
2024-08-20 12:16:19,519 [Worker-23: Building] INFO  o.a.m.s.f.DefaultMavenResourcesFiltering - skip non existing resourceDirectory D:\New folder (14)\exercise6\bookstoreapi\bookstoreapi\src\test\resources
2024-08-20 12:18:40,509 [Worker-17: Building] INFO  o.a.m.s.f.DefaultMavenResourcesFiltering - Copying 0 resource from src\main\resources to target\classes
2024-08-20 12:18:40,510 [Worker-17: Building] INFO  o.a.m.s.f.DefaultMavenResourcesFiltering - Copying 0 resource from src\main\resources to target\classes
2024-08-20 12:18:40,512 [Worker-17: Building] INFO  o.a.m.s.f.DefaultMavenResourcesFiltering - skip non existing resourceDirectory D:\New folder (14)\exercise6\bookstoreapi\bookstoreapi\src\test\resources
2024-08-20 12:19:28,512 [Worker-23: Building] INFO  o.e.m.c.i.l.LifecycleMappingFactory - Using org.eclipse.m2e.jdt.JarLifecycleMapping lifecycle mapping for MavenProject: com.code.api:bookstoreapi:0.0.1-SNAPSHOT @ D:\New folder (14)\exercise6\bookstoreapi\bookstoreapi\pom.xml.
2024-08-20 12:19:29,028 [Worker-23: Building] INFO  o.a.m.s.f.DefaultMavenResourcesFiltering - Copying 0 resource from src\main\resources to target\classes
2024-08-20 12:19:29,029 [Worker-23: Building] INFO  o.a.m.s.f.DefaultMavenResourcesFiltering - Copying 0 resource from src\main\resources to target\classes
2024-08-20 12:19:29,033 [Worker-23: Building] INFO  o.a.m.s.f.DefaultMavenResourcesFiltering - skip non existing resourceDirectory D:\New folder (14)\exercise6\bookstoreapi\bookstoreapi\src\test\resources
2024-08-20 12:19:30,275 [Worker-22: Building] INFO  o.a.m.s.f.DefaultMavenResourcesFiltering - Copying 1 resource from src\main\resources to target\classes
2024-08-20 12:19:30,287 [Worker-22: Building] INFO  o.a.m.s.f.DefaultMavenResourcesFiltering - Copying 0 resource from src\main\resources to target\classes
2024-08-20 12:19:30,290 [Worker-22: Building] INFO  o.a.m.s.f.DefaultMavenResourcesFiltering - skip non existing resourceDirectory D:\New folder (14)\exercise6\bookstoreapi\bookstoreapi\src\test\resources
2024-08-20 12:19:36,317 [Worker-17: Building] INFO  o.e.m.c.i.l.LifecycleMappingFactory - Using org.eclipse.m2e.jdt.JarLifecycleMapping lifecycle mapping for MavenProject: com.code.api:bookstoreapi:0.0.1-SNAPSHOT @ D:\New folder (14)\exercise6\bookstoreapi\bookstoreapi\pom.xml.
2024-08-20 12:19:36,668 [Worker-17: Building] INFO  o.a.m.s.f.DefaultMavenResourcesFiltering - Copying 0 resource from src\main\resources to target\classes
2024-08-20 12:19:36,668 [Worker-17: Building] INFO  o.a.m.s.f.DefaultMavenResourcesFiltering - Copying 0 resource from src\main\resources to target\classes
2024-08-20 12:19:36,672 [Worker-17: Building] INFO  o.a.m.s.f.DefaultMavenResourcesFiltering - skip non existing resourceDirectory D:\New folder (14)\exercise6\bookstoreapi\bookstoreapi\src\test\resources
2024-08-20 12:20:13,967 [Worker-17: Launching Executing install in D__New folder (14)_exercise6_bookstoreapi_bookstoreapi] INFO  o.eclipse.m2e.core.internal.Bundles - getClasspathEntries(Bundle=org.eclipse.m2e.maven.runtime_3.9.700.20240602-2313 [299])
2024-08-20 12:20:13,969 [Worker-17: Launching Executing install in D__New folder (14)_exercise6_bookstoreapi_bookstoreapi] INFO  o.eclipse.m2e.core.internal.Bundles - 	Entry: C:\Users\Mukund\.p2\pool\plugins\org.eclipse.m2e.maven.runtime_3.9.700.20240602-2313
2024-08-20 12:20:13,970 [Worker-17: Launching Executing install in D__New folder (14)_exercise6_bookstoreapi_bookstoreapi] INFO  o.eclipse.m2e.core.internal.Bundles - 	Entry: C:\Users\Mukund\.p2\pool\plugins\org.eclipse.m2e.maven.runtime_3.9.700.20240602-2313\jars\aopalliance-1.0.jar
2024-08-20 12:20:13,970 [Worker-17: Launching Executing install in D__New folder (14)_exercise6_bookstoreapi_bookstoreapi] INFO  o.eclipse.m2e.core.internal.Bundles - 	Entry: C:\Users\Mukund\.p2\pool\plugins\org.eclipse.m2e.maven.runtime_3.9.700.20240602-2313\jars\guice-5.1.0.jar
2024-08-20 12:20:13,970 [Worker-17: Launching Executing install in D__New folder (14)_exercise6_bookstoreapi_bookstoreapi] INFO  o.eclipse.m2e.core.internal.Bundles - 	Entry: C:\Users\Mukund\.p2\pool\plugins\org.eclipse.m2e.maven.runtime_3.9.700.20240602-2313\jars\httpclient-4.5.14.jar
2024-08-20 12:20:13,970 [Worker-17: Launching Executing install in D__New folder (14)_exercise6_bookstoreapi_bookstoreapi] INFO  o.eclipse.m2e.core.internal.Bundles - 	Entry: C:\Users\Mukund\.p2\pool\plugins\org.eclipse.m2e.maven.runtime_3.9.700.20240602-2313\jars\httpcore-4.4.16.jar
2024-08-20 12:20:13,971 [Worker-17: Launching Executing install in D__New folder (14)_exercise6_bookstoreapi_bookstoreapi] INFO  o.eclipse.m2e.core.internal.Bundles - 	Entry: C:\Users\Mukund\.p2\pool\plugins\org.eclipse.m2e.maven.runtime_3.9.700.20240602-2313\jars\jansi-2.4.1.jar
2024-08-20 12:20:13,971 [Worker-17: Launching Executing install in D__New folder (14)_exercise6_bookstoreapi_bookstoreapi] INFO  o.eclipse.m2e.core.internal.Bundles - 	Entry: C:\Users\Mukund\.p2\pool\plugins\org.eclipse.m2e.maven.runtime_3.9.700.20240602-2313\jars\jcl-over-slf4j-1.7.36.jar
2024-08-20 12:20:13,971 [Worker-17: Launching Executing install in D__New folder (14)_exercise6_bookstoreapi_bookstoreapi] INFO  o.eclipse.m2e.core.internal.Bundles - 	Entry: C:\Users\Mukund\.p2\pool\plugins\org.eclipse.m2e.maven.runtime_3.9.700.20240602-2313\jars\maven-artifact-3.9.7.jar
2024-08-20 12:20:13,971 [Worker-17: Launching Executing install in D__New folder (14)_exercise6_bookstoreapi_bookstoreapi] INFO  o.eclipse.m2e.core.internal.Bundles - 	Entry: C:\Users\Mukund\.p2\pool\plugins\org.eclipse.m2e.maven.runtime_3.9.700.20240602-2313\jars\maven-builder-support-3.9.7.jar
2024-08-20 12:20:13,971 [Worker-17: Launching Executing install in D__New folder (14)_exercise6_bookstoreapi_bookstoreapi] INFO  o.eclipse.m2e.core.internal.Bundles - 	Entry: C:\Users\Mukund\.p2\pool\plugins\org.eclipse.m2e.maven.runtime_3.9.700.20240602-2313\jars\maven-compat-3.9.7.jar
2024-08-20 12:20:13,971 [Worker-17: Launching Executing install in D__New folder (14)_exercise6_bookstoreapi_bookstoreapi] INFO  o.eclipse.m2e.core.internal.Bundles - 	Entry: C:\Users\Mukund\.p2\pool\plugins\org.eclipse.m2e.maven.runtime_3.9.700.20240602-2313\jars\maven-core-3.9.7.jar
2024-08-20 12:20:13,971 [Worker-17: Launching Executing install in D__New folder (14)_exercise6_bookstoreapi_bookstoreapi] INFO  o.eclipse.m2e.core.internal.Bundles - 	Entry: C:\Users\Mukund\.p2\pool\plugins\org.eclipse.m2e.maven.runtime_3.9.700.20240602-2313\jars\maven-embedder-3.9.7.jar
2024-08-20 12:20:13,971 [Worker-17: Launching Executing install in D__New folder (14)_exercise6_bookstoreapi_bookstoreapi] INFO  o.eclipse.m2e.core.internal.Bundles - 	Entry: C:\Users\Mukund\.p2\pool\plugins\org.eclipse.m2e.maven.runtime_3.9.700.20240602-2313\jars\maven-model-3.9.7.jar
2024-08-20 12:20:13,972 [Worker-17: Launching Executing install in D__New folder (14)_exercise6_bookstoreapi_bookstoreapi] INFO  o.eclipse.m2e.core.internal.Bundles - 	Entry: C:\Users\Mukund\.p2\pool\plugins\org.eclipse.m2e.maven.runtime_3.9.700.20240602-2313\jars\maven-model-builder-3.9.7.jar
2024-08-20 12:20:13,972 [Worker-17: Launching Executing install in D__New folder (14)_exercise6_bookstoreapi_bookstoreapi] INFO  o.eclipse.m2e.core.internal.Bundles - 	Entry: C:\Users\Mukund\.p2\pool\plugins\org.eclipse.m2e.maven.runtime_3.9.700.20240602-2313\jars\maven-plugin-api-3.9.7.jar
2024-08-20 12:20:13,972 [Worker-17: Launching Executing install in D__New folder (14)_exercise6_bookstoreapi_bookstoreapi] INFO  o.eclipse.m2e.core.internal.Bundles - 	Entry: C:\Users\Mukund\.p2\pool\plugins\org.eclipse.m2e.maven.runtime_3.9.700.20240602-2313\jars\maven-repository-metadata-3.9.7.jar
2024-08-20 12:20:13,972 [Worker-17: Launching Executing install in D__New folder (14)_exercise6_bookstoreapi_bookstoreapi] INFO  o.eclipse.m2e.core.internal.Bundles - 	Entry: C:\Users\Mukund\.p2\pool\plugins\org.eclipse.m2e.maven.runtime_3.9.700.20240602-2313\jars\maven-resolver-api-1.9.20.jar
2024-08-20 12:20:13,972 [Worker-17: Launching Executing install in D__New folder (14)_exercise6_bookstoreapi_bookstoreapi] INFO  o.eclipse.m2e.core.internal.Bundles - 	Entry: C:\Users\Mukund\.p2\pool\plugins\org.eclipse.m2e.maven.runtime_3.9.700.20240602-2313\jars\maven-resolver-connector-basic-1.9.20.jar
2024-08-20 12:20:13,972 [Worker-17: Launching Executing install in D__New folder (14)_exercise6_bookstoreapi_bookstoreapi] INFO  o.eclipse.m2e.core.internal.Bundles - 	Entry: C:\Users\Mukund\.p2\pool\plugins\org.eclipse.m2e.maven.runtime_3.9.700.20240602-2313\jars\maven-resolver-impl-1.9.20.jar
2024-08-20 12:20:13,972 [Worker-17: Launching Executing install in D__New folder (14)_exercise6_bookstoreapi_bookstoreapi] INFO  o.eclipse.m2e.core.internal.Bundles - 	Entry: C:\Users\Mukund\.p2\pool\plugins\org.eclipse.m2e.maven.runtime_3.9.700.20240602-2313\jars\maven-resolver-named-locks-1.9.20.jar
2024-08-20 12:20:13,973 [Worker-17: Launching Executing install in D__New folder (14)_exercise6_bookstoreapi_bookstoreapi] INFO  o.eclipse.m2e.core.internal.Bundles - 	Entry: C:\Users\Mukund\.p2\pool\plugins\org.eclipse.m2e.maven.runtime_3.9.700.20240602-2313\jars\maven-resolver-provider-3.9.7.jar
2024-08-20 12:20:13,973 [Worker-17: Launching Executing install in D__New folder (14)_exercise6_bookstoreapi_bookstoreapi] INFO  o.eclipse.m2e.core.internal.Bundles - 	Entry: C:\Users\Mukund\.p2\pool\plugins\org.eclipse.m2e.maven.runtime_3.9.700.20240602-2313\jars\maven-resolver-spi-1.9.20.jar
2024-08-20 12:20:13,973 [Worker-17: Launching Executing install in D__New folder (14)_exercise6_bookstoreapi_bookstoreapi] INFO  o.eclipse.m2e.core.internal.Bundles - 	Entry: C:\Users\Mukund\.p2\pool\plugins\org.eclipse.m2e.maven.runtime_3.9.700.20240602-2313\jars\maven-resolver-transport-file-1.9.20.jar
2024-08-20 12:20:13,973 [Worker-17: Launching Executing install in D__New folder (14)_exercise6_bookstoreapi_bookstoreapi] INFO  o.eclipse.m2e.core.internal.Bundles - 	Entry: C:\Users\Mukund\.p2\pool\plugins\org.eclipse.m2e.maven.runtime_3.9.700.20240602-2313\jars\maven-resolver-transport-http-1.9.20.jar
2024-08-20 12:20:13,973 [Worker-17: Launching Executing install in D__New folder (14)_exercise6_bookstoreapi_bookstoreapi] INFO  o.eclipse.m2e.core.internal.Bundles - 	Entry: C:\Users\Mukund\.p2\pool\plugins\org.eclipse.m2e.maven.runtime_3.9.700.20240602-2313\jars\maven-resolver-transport-wagon-1.9.20.jar
2024-08-20 12:20:13,973 [Worker-17: Launching Executing install in D__New folder (14)_exercise6_bookstoreapi_bookstoreapi] INFO  o.eclipse.m2e.core.internal.Bundles - 	Entry: C:\Users\Mukund\.p2\pool\plugins\org.eclipse.m2e.maven.runtime_3.9.700.20240602-2313\jars\maven-resolver-util-1.9.20.jar
2024-08-20 12:20:13,973 [Worker-17: Launching Executing install in D__New folder (14)_exercise6_bookstoreapi_bookstoreapi] INFO  o.eclipse.m2e.core.internal.Bundles - 	Entry: C:\Users\Mukund\.p2\pool\plugins\org.eclipse.m2e.maven.runtime_3.9.700.20240602-2313\jars\maven-settings-3.9.7.jar
2024-08-20 12:20:13,973 [Worker-17: Launching Executing install in D__New folder (14)_exercise6_bookstoreapi_bookstoreapi] INFO  o.eclipse.m2e.core.internal.Bundles - 	Entry: C:\Users\Mukund\.p2\pool\plugins\org.eclipse.m2e.maven.runtime_3.9.700.20240602-2313\jars\maven-settings-builder-3.9.7.jar
2024-08-20 12:20:13,973 [Worker-17: Launching Executing install in D__New folder (14)_exercise6_bookstoreapi_bookstoreapi] INFO  o.eclipse.m2e.core.internal.Bundles - 	Entry: C:\Users\Mukund\.p2\pool\plugins\org.eclipse.m2e.maven.runtime_3.9.700.20240602-2313\jars\maven-shared-utils-3.4.2.jar
2024-08-20 12:20:13,973 [Worker-17: Launching Executing install in D__New folder (14)_exercise6_bookstoreapi_bookstoreapi] INFO  o.eclipse.m2e.core.internal.Bundles - 	Entry: C:\Users\Mukund\.p2\pool\plugins\org.eclipse.m2e.maven.runtime_3.9.700.20240602-2313\jars\org.eclipse.sisu.inject-0.9.0.M2.jar
2024-08-20 12:20:13,973 [Worker-17: Launching Executing install in D__New folder (14)_exercise6_bookstoreapi_bookstoreapi] INFO  o.eclipse.m2e.core.internal.Bundles - 	Entry: C:\Users\Mukund\.p2\pool\plugins\org.eclipse.m2e.maven.runtime_3.9.700.20240602-2313\jars\org.eclipse.sisu.plexus-0.9.0.M2.jar
2024-08-20 12:20:13,973 [Worker-17: Launching Executing install in D__New folder (14)_exercise6_bookstoreapi_bookstoreapi] INFO  o.eclipse.m2e.core.internal.Bundles - 	Entry: C:\Users\Mukund\.p2\pool\plugins\org.eclipse.m2e.maven.runtime_3.9.700.20240602-2313\jars\plexus-build-api-0.0.7.jar
2024-08-20 12:20:13,974 [Worker-17: Launching Executing install in D__New folder (14)_exercise6_bookstoreapi_bookstoreapi] INFO  o.eclipse.m2e.core.internal.Bundles - 	Entry: C:\Users\Mukund\.p2\pool\plugins\org.eclipse.m2e.maven.runtime_3.9.700.20240602-2313\jars\plexus-build-api-1.2.0.jar
2024-08-20 12:20:13,974 [Worker-17: Launching Executing install in D__New folder (14)_exercise6_bookstoreapi_bookstoreapi] INFO  o.eclipse.m2e.core.internal.Bundles - 	Entry: C:\Users\Mukund\.p2\pool\plugins\org.eclipse.m2e.maven.runtime_3.9.700.20240602-2313\jars\plexus-cipher-2.0.jar
2024-08-20 12:20:13,974 [Worker-17: Launching Executing install in D__New folder (14)_exercise6_bookstoreapi_bookstoreapi] INFO  o.eclipse.m2e.core.internal.Bundles - 	Entry: C:\Users\Mukund\.p2\pool\plugins\org.eclipse.m2e.maven.runtime_3.9.700.20240602-2313\jars\plexus-classworlds-2.8.0.jar
2024-08-20 12:20:13,974 [Worker-17: Launching Executing install in D__New folder (14)_exercise6_bookstoreapi_bookstoreapi] INFO  o.eclipse.m2e.core.internal.Bundles - 	Entry: C:\Users\Mukund\.p2\pool\plugins\org.eclipse.m2e.maven.runtime_3.9.700.20240602-2313\jars\plexus-component-annotations-2.1.0.jar
2024-08-20 12:20:13,974 [Worker-17: Launching Executing install in D__New folder (14)_exercise6_bookstoreapi_bookstoreapi] INFO  o.eclipse.m2e.core.internal.Bundles - 	Entry: C:\Users\Mukund\.p2\pool\plugins\org.eclipse.m2e.maven.runtime_3.9.700.20240602-2313\jars\plexus-interpolation-1.27.jar
2024-08-20 12:20:13,974 [Worker-17: Launching Executing install in D__New folder (14)_exercise6_bookstoreapi_bookstoreapi] INFO  o.eclipse.m2e.core.internal.Bundles - 	Entry: C:\Users\Mukund\.p2\pool\plugins\org.eclipse.m2e.maven.runtime_3.9.700.20240602-2313\jars\plexus-sec-dispatcher-2.0.jar
2024-08-20 12:20:13,974 [Worker-17: Launching Executing install in D__New folder (14)_exercise6_bookstoreapi_bookstoreapi] INFO  o.eclipse.m2e.core.internal.Bundles - 	Entry: C:\Users\Mukund\.p2\pool\plugins\org.eclipse.m2e.maven.runtime_3.9.700.20240602-2313\jars\plexus-utils-3.5.1.jar
2024-08-20 12:20:13,974 [Worker-17: Launching Executing install in D__New folder (14)_exercise6_bookstoreapi_bookstoreapi] INFO  o.eclipse.m2e.core.internal.Bundles - 	Entry: C:\Users\Mukund\.p2\pool\plugins\org.eclipse.m2e.maven.runtime_3.9.700.20240602-2313\jars\wagon-file-3.5.3.jar
2024-08-20 12:20:13,974 [Worker-17: Launching Executing install in D__New folder (14)_exercise6_bookstoreapi_bookstoreapi] INFO  o.eclipse.m2e.core.internal.Bundles - 	Entry: C:\Users\Mukund\.p2\pool\plugins\org.eclipse.m2e.maven.runtime_3.9.700.20240602-2313\jars\wagon-http-3.5.3.jar
2024-08-20 12:20:13,975 [Worker-17: Launching Executing install in D__New folder (14)_exercise6_bookstoreapi_bookstoreapi] INFO  o.eclipse.m2e.core.internal.Bundles - 	Entry: C:\Users\Mukund\.p2\pool\plugins\org.eclipse.m2e.maven.runtime_3.9.700.20240602-2313\jars\wagon-http-shared-3.5.3.jar
2024-08-20 12:20:13,975 [Worker-17: Launching Executing install in D__New folder (14)_exercise6_bookstoreapi_bookstoreapi] INFO  o.eclipse.m2e.core.internal.Bundles - 	Entry: C:\Users\Mukund\.p2\pool\plugins\org.eclipse.m2e.maven.runtime_3.9.700.20240602-2313\jars\wagon-provider-api-3.5.3.jar
2024-08-20 12:20:13,978 [Worker-17: Launching Executing install in D__New folder (14)_exercise6_bookstoreapi_bookstoreapi] INFO  o.eclipse.m2e.core.internal.Bundles - getClasspathEntries(Bundle=com.google.guava_33.2.0.jre [10])
2024-08-20 12:20:13,979 [Worker-17: Launching Executing install in D__New folder (14)_exercise6_bookstoreapi_bookstoreapi] INFO  o.eclipse.m2e.core.internal.Bundles - 	Entry: C:\Users\Mukund\.p2\pool\plugins\com.google.guava_33.2.0.jre.jar
2024-08-20 12:20:13,979 [Worker-17: Launching Executing install in D__New folder (14)_exercise6_bookstoreapi_bookstoreapi] INFO  o.eclipse.m2e.core.internal.Bundles - getClasspathEntries(Bundle=slf4j.api_2.0.13 [520])
2024-08-20 12:20:13,979 [Worker-17: Launching Executing install in D__New folder (14)_exercise6_bookstoreapi_bookstoreapi] INFO  o.eclipse.m2e.core.internal.Bundles - 	Entry: C:\Users\Mukund\.p2\pool\plugins\slf4j.api_2.0.13.jar
2024-08-20 12:20:13,979 [Worker-17: Launching Executing install in D__New folder (14)_exercise6_bookstoreapi_bookstoreapi] INFO  o.eclipse.m2e.core.internal.Bundles - getClasspathEntries(Bundle=jakarta.inject.jakarta.inject-api_1.0.5 [21])
2024-08-20 12:20:13,980 [Worker-17: Launching Executing install in D__New folder (14)_exercise6_bookstoreapi_bookstoreapi] INFO  o.eclipse.m2e.core.internal.Bundles - 	Entry: C:\Users\Mukund\.p2\pool\plugins\jakarta.inject.jakarta.inject-api_1.0.5.jar
2024-08-20 12:20:13,980 [Worker-17: Launching Executing install in D__New folder (14)_exercise6_bookstoreapi_bookstoreapi] INFO  o.eclipse.m2e.core.internal.Bundles - getClasspathEntries(Bundle=javax.annotation_1.3.5.v20200909-1856 [24])
2024-08-20 12:20:13,980 [Worker-17: Launching Executing install in D__New folder (14)_exercise6_bookstoreapi_bookstoreapi] INFO  o.eclipse.m2e.core.internal.Bundles - 	Entry: C:\Users\Mukund\.p2\pool\plugins\javax.annotation_1.3.5.v20200909-1856.jar
2024-08-20 12:20:13,980 [Worker-17: Launching Executing install in D__New folder (14)_exercise6_bookstoreapi_bookstoreapi] INFO  o.eclipse.m2e.core.internal.Bundles - getClasspathEntries(Bundle=org.apache.commons.cli_1.8.0 [47])
2024-08-20 12:20:13,980 [Worker-17: Launching Executing install in D__New folder (14)_exercise6_bookstoreapi_bookstoreapi] INFO  o.eclipse.m2e.core.internal.Bundles - 	Entry: C:\Users\Mukund\.p2\pool\plugins\org.apache.commons.cli_1.8.0.jar
2024-08-20 12:20:13,980 [Worker-17: Launching Executing install in D__New folder (14)_exercise6_bookstoreapi_bookstoreapi] INFO  o.eclipse.m2e.core.internal.Bundles - getClasspathEntries(Bundle=org.apache.commons.commons-codec_1.16.0 [48])
2024-08-20 12:20:13,980 [Worker-17: Launching Executing install in D__New folder (14)_exercise6_bookstoreapi_bookstoreapi] INFO  o.eclipse.m2e.core.internal.Bundles - 	Entry: C:\Users\Mukund\.p2\pool\plugins\org.apache.commons.commons-codec_1.16.0.jar
2024-08-20 12:20:13,980 [Worker-17: Launching Executing install in D__New folder (14)_exercise6_bookstoreapi_bookstoreapi] INFO  o.eclipse.m2e.core.internal.Bundles - getClasspathEntries(Bundle=org.apache.commons.lang3_3.14.0 [54])
2024-08-20 12:20:13,980 [Worker-17: Launching Executing install in D__New folder (14)_exercise6_bookstoreapi_bookstoreapi] INFO  o.eclipse.m2e.core.internal.Bundles - 	Entry: C:\Users\Mukund\.p2\pool\plugins\org.apache.commons.lang3_3.14.0.jar
2024-08-20 12:20:13,981 [Worker-17: Launching Executing install in D__New folder (14)_exercise6_bookstoreapi_bookstoreapi] INFO  o.eclipse.m2e.core.internal.Bundles - getClasspathEntries(Bundle=com.google.guava.failureaccess_1.0.2 [11])
2024-08-20 12:20:13,981 [Worker-17: Launching Executing install in D__New folder (14)_exercise6_bookstoreapi_bookstoreapi] INFO  o.eclipse.m2e.core.internal.Bundles - 	Entry: C:\Users\Mukund\.p2\pool\plugins\com.google.guava.failureaccess_1.0.2.jar
2024-08-20 12:20:13,983 [Worker-17: Launching Executing install in D__New folder (14)_exercise6_bookstoreapi_bookstoreapi] INFO  o.e.m.i.launch.MavenLaunchDelegate - Run build in "D:\New folder (14)\exercise6\bookstoreapi\bookstoreapi":
2024-08-20 12:20:13,984 [Worker-17: Launching Executing install in D__New folder (14)_exercise6_bookstoreapi_bookstoreapi] INFO  o.e.m.i.launch.MavenLaunchDelegate -  mvn  -B -Dstyle.color=always install
2024-08-20 12:22:47,219 [Worker-3: Building] INFO  o.a.m.s.f.DefaultMavenResourcesFiltering - Copying 1 resource from src\main\resources to target\classes
2024-08-20 12:22:47,229 [Worker-3: Building] INFO  o.a.m.s.f.DefaultMavenResourcesFiltering - Copying 0 resource from src\main\resources to target\classes
2024-08-20 12:22:47,232 [Worker-3: Building] INFO  o.a.m.s.f.DefaultMavenResourcesFiltering - skip non existing resourceDirectory D:\New folder (14)\exercise6\bookstoreapi\bookstoreapi\src\test\resources
2024-08-20 12:25:28,913 [Worker-21: Building] INFO  o.a.m.s.f.DefaultMavenResourcesFiltering - Copying 1 resource from src\main\resources to target\classes
2024-08-20 12:25:28,918 [Worker-21: Building] INFO  o.a.m.s.f.DefaultMavenResourcesFiltering - Copying 0 resource from src\main\resources to target\classes
2024-08-20 12:25:28,922 [Worker-21: Building] INFO  o.a.m.s.f.DefaultMavenResourcesFiltering - skip non existing resourceDirectory D:\New folder (14)\exercise6\bookstoreapi\bookstoreapi\src\test\resources
2024-08-21 22:43:22,577 [Worker-5: Loading available Gradle versions] INFO  o.e.b.c.i.u.g.PublishedGradleVersions - Gradle version information cache is up-to-date. Trying to read.
2024-08-21 22:45:02,552 [Worker-5: Loading available Gradle versions] INFO  o.e.b.c.i.u.g.PublishedGradleVersions - Gradle version information cache is up-to-date. Trying to read.
2024-08-21 22:45:55,577 [Worker-17: Importing Maven projects] INFO  o.e.m.c.i.e.AbstractTransferListenerAdapter - Downloading https://repo.maven.apache.org/maven2/org/springframework/boot/spring-boot-starter-validation/3.3.2/spring-boot-starter-validation-3.3.2.pom
2024-08-21 22:45:55,601 [Worker-17: Importing Maven projects] INFO  o.e.m.c.i.e.AbstractTransferListenerAdapter - Downloaded https://repo.maven.apache.org/maven2/org/springframework/boot/spring-boot-starter-validation/3.3.2/spring-boot-starter-validation-3.3.2.pom
2024-08-21 22:45:55,717 [Worker-17: Importing Maven projects] INFO  o.e.m.c.i.e.AbstractTransferListenerAdapter - Downloading https://repo.maven.apache.org/maven2/org/hibernate/validator/hibernate-validator/8.0.1.Final/hibernate-validator-8.0.1.Final.pom
2024-08-21 22:45:55,830 [Worker-17: Importing Maven projects] INFO  o.e.m.c.i.e.AbstractTransferListenerAdapter - Downloaded https://repo.maven.apache.org/maven2/org/hibernate/validator/hibernate-validator/8.0.1.Final/hibernate-validator-8.0.1.Final.pom
2024-08-21 22:45:55,949 [Worker-17: Importing Maven projects] INFO  o.e.m.c.i.e.AbstractTransferListenerAdapter - Downloading https://repo.maven.apache.org/maven2/org/hibernate/validator/hibernate-validator-parent/8.0.1.Final/hibernate-validator-parent-8.0.1.Final.pom
2024-08-21 22:45:56,463 [Worker-17: Importing Maven projects] INFO  o.e.m.c.i.e.AbstractTransferListenerAdapter - Downloaded https://repo.maven.apache.org/maven2/org/hibernate/validator/hibernate-validator-parent/8.0.1.Final/hibernate-validator-parent-8.0.1.Final.pom
2024-08-21 22:45:56,549 [Worker-17: Importing Maven projects] INFO  o.e.m.c.i.e.AbstractTransferListenerAdapter - Downloading https://repo.maven.apache.org/maven2/org/jboss/arquillian/arquillian-bom/1.7.0.Alpha10/arquillian-bom-1.7.0.Alpha10.pom
2024-08-21 22:45:56,690 [Worker-17: Importing Maven projects] INFO  o.e.m.c.i.e.AbstractTransferListenerAdapter - Downloaded https://repo.maven.apache.org/maven2/org/jboss/arquillian/arquillian-bom/1.7.0.Alpha10/arquillian-bom-1.7.0.Alpha10.pom
2024-08-21 22:45:56,751 [Worker-17: Importing Maven projects] INFO  o.e.m.c.i.e.AbstractTransferListenerAdapter - Downloading https://repo.maven.apache.org/maven2/org/jboss/shrinkwrap/shrinkwrap-bom/1.2.6/shrinkwrap-bom-1.2.6.pom
2024-08-21 22:45:56,801 [Worker-17: Importing Maven projects] INFO  o.e.m.c.i.e.AbstractTransferListenerAdapter - Downloaded https://repo.maven.apache.org/maven2/org/jboss/shrinkwrap/shrinkwrap-bom/1.2.6/shrinkwrap-bom-1.2.6.pom
2024-08-21 22:45:56,956 [Worker-17: Importing Maven projects] INFO  o.e.m.c.i.e.AbstractTransferListenerAdapter - Downloading https://repo.maven.apache.org/maven2/org/jboss/shrinkwrap/resolver/shrinkwrap-resolver-bom/3.1.4/shrinkwrap-resolver-bom-3.1.4.pom
2024-08-21 22:45:57,551 [Worker-17: Importing Maven projects] INFO  o.e.m.c.i.e.AbstractTransferListenerAdapter - Downloaded https://repo.maven.apache.org/maven2/org/jboss/shrinkwrap/resolver/shrinkwrap-resolver-bom/3.1.4/shrinkwrap-resolver-bom-3.1.4.pom
2024-08-21 22:45:57,679 [Worker-17: Importing Maven projects] INFO  o.e.m.c.i.e.AbstractTransferListenerAdapter - Downloading https://repo.maven.apache.org/maven2/org/apache/maven/maven/3.6.3/maven-3.6.3.pom
2024-08-21 22:45:57,808 [Worker-17: Importing Maven projects] INFO  o.e.m.c.i.e.AbstractTransferListenerAdapter - Downloaded https://repo.maven.apache.org/maven2/org/apache/maven/maven/3.6.3/maven-3.6.3.pom
2024-08-21 22:45:57,989 [Worker-17: Importing Maven projects] INFO  o.e.m.c.i.e.AbstractTransferListenerAdapter - Downloading https://repo.maven.apache.org/maven2/org/jboss/shrinkwrap/descriptors/shrinkwrap-descriptors-bom/2.0.0/shrinkwrap-descriptors-bom-2.0.0.pom
2024-08-21 22:45:58,030 [Worker-17: Importing Maven projects] INFO  o.e.m.c.i.e.AbstractTransferListenerAdapter - Downloaded https://repo.maven.apache.org/maven2/org/jboss/shrinkwrap/descriptors/shrinkwrap-descriptors-bom/2.0.0/shrinkwrap-descriptors-bom-2.0.0.pom
2024-08-21 22:45:58,211 [Worker-17: Importing Maven projects] INFO  o.e.m.c.i.e.AbstractTransferListenerAdapter - Downloading https://repo.maven.apache.org/maven2/jakarta/validation/jakarta.validation-api/3.0.2/jakarta.validation-api-3.0.2.pom
2024-08-21 22:45:58,236 [Worker-17: Importing Maven projects] INFO  o.e.m.c.i.e.AbstractTransferListenerAdapter - Downloaded https://repo.maven.apache.org/maven2/jakarta/validation/jakarta.validation-api/3.0.2/jakarta.validation-api-3.0.2.pom
2024-08-21 22:45:59,013 [Worker-17: Importing Maven projects] INFO  o.e.m.c.i.e.AbstractTransferListenerAdapter - Downloading https://repo.maven.apache.org/maven2/org/springframework/boot/spring-boot-starter-validation/3.3.2/spring-boot-starter-validation-3.3.2.jar
2024-08-21 22:45:59,053 [Worker-17: Importing Maven projects] INFO  o.e.m.c.i.e.AbstractTransferListenerAdapter - Downloaded https://repo.maven.apache.org/maven2/org/springframework/boot/spring-boot-starter-validation/3.3.2/spring-boot-starter-validation-3.3.2.jar
2024-08-21 22:45:59,149 [BasicRepositoryConnector-repo.maven.apache.org-0-0] INFO  o.e.m.c.i.e.AbstractTransferListenerAdapter - Downloading https://repo.maven.apache.org/maven2/org/hibernate/validator/hibernate-validator/8.0.1.Final/hibernate-validator-8.0.1.Final.jar
2024-08-21 22:45:59,344 [BasicRepositoryConnector-repo.maven.apache.org-0-1] INFO  o.e.m.c.i.e.AbstractTransferListenerAdapter - Downloading https://repo.maven.apache.org/maven2/jakarta/validation/jakarta.validation-api/3.0.2/jakarta.validation-api-3.0.2.jar
2024-08-21 22:45:59,816 [BasicRepositoryConnector-repo.maven.apache.org-0-1] INFO  o.e.m.c.i.e.AbstractTransferListenerAdapter - Downloaded https://repo.maven.apache.org/maven2/jakarta/validation/jakarta.validation-api/3.0.2/jakarta.validation-api-3.0.2.jar
2024-08-21 22:46:08,202 [BasicRepositoryConnector-repo.maven.apache.org-0-0] INFO  o.e.m.c.i.e.AbstractTransferListenerAdapter - Downloaded https://repo.maven.apache.org/maven2/org/hibernate/validator/hibernate-validator/8.0.1.Final/hibernate-validator-8.0.1.Final.jar
2024-08-21 22:46:08,767 [Worker-17: Importing Maven projects] INFO  o.e.m.c.i.l.LifecycleMappingFactory - Using org.eclipse.m2e.jdt.JarLifecycleMapping lifecycle mapping for MavenProject: com.code.api:bookstoreapi:0.0.1-SNAPSHOT @ C:\Users\ADMIN\Downloads\New folder (14)\New folder (14)\exercise6\bookstoreapi\bookstoreapi\pom.xml.
2024-08-21 22:46:09,690 [Worker-17: Importing Maven projects] INFO  o.e.m.j.i.AbstractJavaProjectConfigurator - Adding source folder /bookstoreapi/src/main/java
2024-08-21 22:46:09,693 [Worker-17: Importing Maven projects] INFO  o.e.m.j.i.AbstractJavaProjectConfigurator - Adding resource folder /bookstoreapi/src/main/resources
2024-08-21 22:46:09,694 [Worker-17: Importing Maven projects] INFO  o.e.m.j.i.AbstractJavaProjectConfigurator - Adding resource folder /bookstoreapi/src/main/resources
2024-08-21 22:46:09,696 [Worker-17: Importing Maven projects] INFO  o.e.m.j.i.AbstractJavaProjectConfigurator - Adding source folder /bookstoreapi/src/test/java
2024-08-21 22:46:09,698 [Worker-17: Importing Maven projects] INFO  o.e.m.j.i.AbstractJavaProjectConfigurator - Adding resource folder /bookstoreapi/src/test/resources
2024-08-21 22:46:10,105 [Worker-17: Importing Maven projects] INFO  o.e.m.c.i.p.ProjectConfigurationManager - Imported and configured 1 project(s) in 17 sec
2024-08-21 22:46:10,565 [Worker-10: Download sources and javadoc] INFO  o.e.m.c.i.e.AbstractTransferListenerAdapter - Downloading https://repo.maven.apache.org/maven2/org/springframework/boot/spring-boot-starter-validation/3.3.2/spring-boot-starter-validation-3.3.2-sources.jar
2024-08-21 22:46:10,598 [Worker-10: Download sources and javadoc] INFO  o.e.m.c.i.e.AbstractTransferListenerAdapter - Downloaded https://repo.maven.apache.org/maven2/org/springframework/boot/spring-boot-starter-validation/3.3.2/spring-boot-starter-validation-3.3.2-sources.jar
2024-08-21 22:46:10,642 [Worker-10: Download sources and javadoc] INFO  o.e.m.j.internal.DownloadSourcesJob - Downloaded sources for org.springframework.boot:spring-boot-starter-validation:3.3.2
2024-08-21 22:46:11,185 [Worker-10: Download sources and javadoc] INFO  o.e.m.c.i.e.AbstractTransferListenerAdapter - Downloading https://repo.maven.apache.org/maven2/org/hibernate/validator/hibernate-validator/8.0.1.Final/hibernate-validator-8.0.1.Final-sources.jar
2024-08-21 22:46:11,892 [Worker-15: Building] INFO  o.a.m.s.f.DefaultMavenResourcesFiltering - Copying 1 resource from src\main\resources to target\classes
2024-08-21 22:46:11,935 [Worker-15: Building] INFO  o.a.m.s.f.DefaultMavenResourcesFiltering - Copying 0 resource from src\main\resources to target\classes
2024-08-21 22:46:11,946 [Worker-15: Building] INFO  o.a.m.s.f.DefaultMavenResourcesFiltering - skip non existing resourceDirectory C:\Users\ADMIN\Downloads\New folder (14)\New folder (14)\exercise6\bookstoreapi\bookstoreapi\src\test\resources
2024-08-21 22:46:13,234 [Worker-10: Download sources and javadoc] INFO  o.e.m.c.i.e.AbstractTransferListenerAdapter - Downloaded https://repo.maven.apache.org/maven2/org/hibernate/validator/hibernate-validator/8.0.1.Final/hibernate-validator-8.0.1.Final-sources.jar
2024-08-21 22:46:13,240 [Worker-10: Download sources and javadoc] INFO  o.e.m.j.internal.DownloadSourcesJob - Downloaded sources for org.hibernate.validator:hibernate-validator:8.0.1.Final
2024-08-21 22:46:13,531 [Worker-10: Download sources and javadoc] INFO  o.e.m.c.i.e.AbstractTransferListenerAdapter - Downloading https://repo.maven.apache.org/maven2/jakarta/validation/jakarta.validation-api/3.0.2/jakarta.validation-api-3.0.2-sources.jar
2024-08-21 22:46:13,757 [Worker-10: Download sources and javadoc] INFO  o.e.m.c.i.e.AbstractTransferListenerAdapter - Downloaded https://repo.maven.apache.org/maven2/jakarta/validation/jakarta.validation-api/3.0.2/jakarta.validation-api-3.0.2-sources.jar
2024-08-21 22:46:13,762 [Worker-10: Download sources and javadoc] INFO  o.e.m.j.internal.DownloadSourcesJob - Downloaded sources for jakarta.validation:jakarta.validation-api:3.0.2
